<?xml version="1.0" encoding="UTF-8"?>
<!-- Generated by org.testng.reporters.JUnitReportReporter -->
<testsuite hostname="PURUSHOTHAM" name="com.Loggers.Log4J" tests="1" failures="0" timestamp="28 Feb 2017 12:09:35 GMT" time="0.031" errors="0">
  <testcase name="aaa" time="0.031" classname="com.Loggers.Log4J"/>
</testsuite> <!-- com.Loggers.Log4J -->
