<?xml version="1.0" encoding="UTF-8"?>
<!-- Generated by org.testng.reporters.JUnitReportReporter -->
<testsuite hostname="PURUSHOTHAM" name="com.web.tests.LoginTest.LoginTest" tests="1" failures="0" timestamp="3 Mar 2017 07:31:39 GMT" time="23.754" errors="0">
  <testcase name="invalidLoginDataValidation" time="23.754" classname="com.web.tests.LoginTest.LoginTest"/>
</testsuite> <!-- com.web.tests.LoginTest.LoginTest -->
