<?xml version="1.0" encoding="UTF-8"?>
<!-- Generated by org.testng.reporters.JUnitReportReporter -->
<testsuite hostname="PURUSHOTHAM" name="com.web.tests.Views.ReportsTest" tests="2" failures="0" timestamp="1 Mar 2017 07:42:03 GMT" time="3.310" errors="0">
  <testcase name="GoogleTooltip" time="0.448" classname="com.web.tests.Views.ReportsTest"/>
  <testcase name="testNewLogs" time="2.862" classname="com.web.tests.Views.ReportsTest"/>
</testsuite> <!-- com.web.tests.Views.ReportsTest -->
