<?xml version="1.0" encoding="UTF-8"?>
<!-- Generated by org.testng.reporters.JUnitReportReporter -->
<testsuite hostname="PURUSHOTHAM" name="com.web.tests.LoginTest.LoginTest" tests="2" failures="0" timestamp="28 Feb 2017 06:00:42 GMT" time="39.163" errors="0">
  <testcase name="invalidLoginDataValidation" time="20.373" classname="com.web.tests.LoginTest.LoginTest"/>
  <testcase name="creatingView" time="18.790" classname="com.web.tests.LoginTest.LoginTest"/>
</testsuite> <!-- com.web.tests.LoginTest.LoginTest -->
