<?xml version="1.0" encoding="UTF-8"?>
<!-- Generated by org.testng.reporters.JUnitReportReporter -->
<testsuite hostname="PURUSHOTHAM" name="com.Loggers.LoggingDemo" tests="1" failures="0" timestamp="28 Feb 2017 13:22:40 GMT" time="0.026" errors="0">
  <testcase name="aaa" time="0.026" classname="com.Loggers.LoggingDemo"/>
</testsuite> <!-- com.Loggers.LoggingDemo -->
