<?xml version="1.0" encoding="UTF-8"?>
<!-- Generated by org.testng.reporters.JUnitReportReporter -->
<testsuite hostname="PURUSHOTHAM" name="com.web.tests.Views.ViewTests" tests="1" failures="0" timestamp="15 Mar 2017 07:45:55 GMT" time="83.959" errors="0">
  <testcase name="creatingView" time="83.959" classname="com.web.tests.Views.ViewTests"/>
</testsuite> <!-- com.web.tests.Views.ViewTests -->
